#
# There is insufficient memory for the Java Runtime Environment to continue.
# Native memory allocation (malloc) failed to allocate 1017200 bytes for Chunk::new
# Possible reasons:
#   The system is out of physical RAM or swap space
#   The process is running with CompressedOops enabled, and the Java Heap may be blocking the growth of the native heap
# Possible solutions:
#   Reduce memory load on the system
#   Increase physical memory or swap space
#   Check if swap backing store is full
#   Decrease Java heap size (-Xmx/-Xms)
#   Decrease number of Java threads
#   Decrease Java thread stack sizes (-Xss)
#   Set larger code cache with -XX:ReservedCodeCacheSize=
#   JVM is running with Unscaled Compressed Oops mode in which the Java heap is
#     placed in the first 4GB address space. The Java Heap base address is the
#     maximum limit for the native heap growth. Please use -XX:HeapBaseMinAddress
#     to set the Java Heap base and to place the Java Heap above 4GB virtual address.
# This output file may be truncated or incomplete.
#
#  Out of Memory Error (allocation.cpp:389), pid=17724, tid=0x0000000000003688
#
# JRE version: OpenJDK Runtime Environment (8.0_242-b01) (build 1.8.0_242-release-1644-b01)
# Java VM: OpenJDK 64-Bit Server VM (25.242-b01 mixed mode windows-amd64 compressed oops)
# Failed to write core dump. Minidumps are not enabled by default on client versions of Windows
#

---------------  T H R E A D  ---------------

Current thread (0x0000000017f25000):  JavaThread "C2 CompilerThread0" daemon [_thread_in_native, id=13960, stack(0x0000000019590000,0x0000000019690000)]

Stack: [0x0000000019590000,0x0000000019690000]
[error occurred during error reporting (printing stack bounds), id 0xc0000005]

Native frames: (J=compiled Java code, j=interpreted, Vv=VM code, C=native code)


Current CompileTask:
C2: 118196 11397       4       com.android.utils.XmlUtils::append (639 bytes)


---------------  P R O C E S S  ---------------

Java Threads: ( => current thread )
  0x0000000020f47800 JavaThread "MarlinRenderer Disposer" daemon [_thread_blocked, id=9660, stack(0x0000000026d40000,0x0000000026e40000)]
  0x0000000020f47000 JavaThread "Java2D Disposer" daemon [_thread_blocked, id=2352, stack(0x0000000026a20000,0x0000000026b20000)]
  0x0000000020f3f800 JavaThread "WorkerExecutor Queue Thread 4" [_thread_blocked, id=21880, stack(0x0000000026520000,0x0000000026620000)]
  0x0000000020f42800 JavaThread "WorkerExecutor Queue Thread 3" [_thread_blocked, id=16636, stack(0x0000000026420000,0x0000000026520000)]
  0x0000000020f40000 JavaThread "WorkerExecutor Queue Thread 2" [_thread_blocked, id=4700, stack(0x0000000026320000,0x0000000026420000)]
  0x0000000020f46000 JavaThread "WorkerExecutor Queue" [_thread_blocked, id=17736, stack(0x0000000026220000,0x0000000026320000)]
  0x000000001bb39000 JavaThread "stdout" [_thread_in_native, id=2252, stack(0x0000000025f20000,0x0000000026020000)]
  0x000000001bb37000 JavaThread "stderr" [_thread_in_native, id=21944, stack(0x0000000025e20000,0x0000000025f20000)]
  0x000000001bb36000 JavaThread "pool-13-thread-1" [_thread_blocked, id=2356, stack(0x0000000025d20000,0x0000000025e20000)]
  0x000000001be01800 JavaThread "Cache worker for execution history cache (E:\IDAT\5toCiclo\DESARROLLO DE APLICACIONES MOVILES\ProyectoClinicaApp\.gradle\6.1.1\executionHistory)" [_thread_blocked, id=19904, stack(0x0000000025c20000,0x0000000025d20000)]
  0x000000001be03800 JavaThread "Execution worker for ':' Thread 3" [_thread_blocked, id=11744, stack(0x0000000025b20000,0x0000000025c20000)]
  0x000000001bdfa000 JavaThread "Execution worker for ':' Thread 2" [_thread_in_native, id=8572, stack(0x0000000025a20000,0x0000000025b20000)]
  0x000000001be00800 JavaThread "Execution worker for ':'" [_thread_blocked, id=1440, stack(0x0000000025920000,0x0000000025a20000)]
  0x000000001bdf9000 JavaThread "Cache worker for file content cache (E:\IDAT\5toCiclo\DESARROLLO DE APLICACIONES MOVILES\ProyectoClinicaApp\.gradle\6.1.1\fileContent)" [_thread_blocked, id=4272, stack(0x0000000025420000,0x0000000025520000)]
  0x000000001bdfd000 JavaThread "Cache worker for Build Output Cleanup Cache (E:\IDAT\5toCiclo\DESARROLLO DE APLICACIONES MOVILES\ProyectoClinicaApp\.gradle\buildOutputCleanup)" [_thread_blocked, id=11540, stack(0x0000000025320000,0x0000000025420000)]
  0x0000000021038800 JavaThread "Build operations Thread 4" [_thread_blocked, id=1488, stack(0x0000000025220000,0x0000000025320000)]
  0x0000000021037800 JavaThread "Build operations Thread 3" [_thread_blocked, id=10880, stack(0x0000000024d20000,0x0000000024e20000)]
  0x000000002103a800 JavaThread "Build operations Thread 2" [_thread_blocked, id=1324, stack(0x0000000024020000,0x0000000024120000)]
  0x000000002103b800 JavaThread "Build operations" [_thread_blocked, id=8972, stack(0x0000000022880000,0x0000000022980000)]
  0x000000002103a000 JavaThread "Cache worker for cache directory md-rule (C:\Users\Jhonson\.gradle\caches\6.1.1\md-rule)" [_thread_blocked, id=23312, stack(0x0000000022780000,0x0000000022880000)]
  0x0000000021039000 JavaThread "Cache worker for cache directory md-supplier (C:\Users\Jhonson\.gradle\caches\6.1.1\md-supplier)" [_thread_blocked, id=23476, stack(0x0000000022680000,0x0000000022780000)]
  0x0000000021036000 JavaThread "Cache worker for file hash cache (E:\IDAT\5toCiclo\DESARROLLO DE APLICACIONES MOVILES\ProyectoClinicaApp\.gradle\6.1.1\fileHashes)" [_thread_blocked, id=14488, stack(0x0000000022580000,0x0000000022680000)]
  0x0000000021035800 JavaThread "Cache worker for checksums cache (E:\IDAT\5toCiclo\DESARROLLO DE APLICACIONES MOVILES\ProyectoClinicaApp\.gradle\checksums)" [_thread_blocked, id=8628, stack(0x0000000021750000,0x0000000021850000)]
  0x000000002102d000 JavaThread "Thread-34" [_thread_blocked, id=3076, stack(0x0000000020680000,0x0000000020780000)]
  0x0000000021034000 JavaThread "Stdin handler" [_thread_blocked, id=23064, stack(0x0000000020180000,0x0000000020280000)]
  0x0000000021032800 JavaThread "Asynchronous log dispatcher for DefaultDaemonConnection: socket connection from /127.0.0.1:63299 to /127.0.0.1:63433" [_thread_blocked, id=24428, stack(0x0000000020080000,0x0000000020180000)]
  0x0000000021031800 JavaThread "Daemon worker Thread 2" [_thread_blocked, id=17556, stack(0x000000001d7e0000,0x000000001d8e0000)]
  0x000000002102e800 JavaThread "Cancel handler" [_thread_blocked, id=17684, stack(0x000000001d4e0000,0x000000001d5e0000)]
  0x000000002102f000 JavaThread "Handler for socket connection from /127.0.0.1:63299 to /127.0.0.1:63433" [_thread_in_native, id=7116, stack(0x0000000001650000,0x0000000001750000)]
  0x000000001be08000 JavaThread "Cache worker for file content cache (C:\Users\Jhonson\.gradle\caches\6.1.1\fileContent)" [_thread_blocked, id=22800, stack(0x0000000024c20000,0x0000000024d20000)]
  0x000000001bdfc000 JavaThread "Memory manager" [_thread_blocked, id=8052, stack(0x0000000024b20000,0x0000000024c20000)]
  0x000000001bb3b800 JavaThread "Cache worker for execution history cache (C:\Users\Jhonson\.gradle\caches\6.1.1\executionHistory)" [_thread_blocked, id=12600, stack(0x0000000021850000,0x0000000021950000)]
  0x000000001bb35800 JavaThread "Cache worker for file hash cache (C:\Users\Jhonson\.gradle\caches\6.1.1\fileHashes)" [_thread_blocked, id=12868, stack(0x000000001ecb0000,0x000000001edb0000)]
  0x000000001bb34800 JavaThread "File lock request listener" [_thread_in_native, id=22120, stack(0x000000001dbe0000,0x000000001dce0000)]
  0x000000001bd5f800 JavaThread "Cache worker for journal cache (C:\Users\Jhonson\.gradle\caches\journal-1)" [_thread_blocked, id=15128, stack(0x000000001dae0000,0x000000001dbe0000)]
  0x000000001b65a000 JavaThread "Daemon" [_thread_blocked, id=21908, stack(0x000000001cfe0000,0x000000001d0e0000)]
  0x000000001b93b000 JavaThread "Daemon periodic checks" [_thread_blocked, id=9012, stack(0x000000001cee0000,0x000000001cfe0000)]
  0x000000001b936000 JavaThread "Incoming local TCP Connector on port 63299" [_thread_in_native, id=24544, stack(0x000000001cc70000,0x000000001cd70000)]
  0x000000001b860000 JavaThread "Daemon health stats" [_thread_blocked, id=8400, stack(0x000000001c630000,0x000000001c730000)]
  0x00000000198bb000 JavaThread "Service Thread" daemon [_thread_blocked, id=19096, stack(0x0000000019c90000,0x0000000019d90000)]
  0x0000000017f50800 JavaThread "C1 CompilerThread2" daemon [_thread_blocked, id=19928, stack(0x0000000019790000,0x0000000019890000)]
  0x0000000017f29000 JavaThread "C2 CompilerThread1" daemon [_thread_blocked, id=22552, stack(0x0000000019690000,0x0000000019790000)]
=>0x0000000017f25000 JavaThread "C2 CompilerThread0" daemon [_thread_in_native, id=13960, stack(0x0000000019590000,0x0000000019690000)]
  0x0000000017f23800 JavaThread "Attach Listener" daemon [_thread_blocked, id=23220, stack(0x0000000019490000,0x0000000019590000)]
  0x0000000017f22800 JavaThread "Signal Dispatcher" daemon [_thread_blocked, id=8928, stack(0x0000000019390000,0x0000000019490000)]
  0x00000000032fc000 JavaThread "Finalizer" daemon [_thread_blocked, id=19896, stack(0x0000000019170000,0x0000000019270000)]
  0x0000000017f09000 JavaThread "Reference Handler" daemon [_thread_blocked, id=21200, stack(0x0000000019070000,0x0000000019170000)]
  0x0000000003202800 JavaThread "main" [_thread_blocked, id=9656, stack(0x0000000003100000,0x0000000003200000)]

Other Threads:
  0x0000000017ee6000 VMThread [stack: 0x0000000018f70000,0x0000000019070000] [id=13052]
  0x00000000198e4800 WatcherThread [stack: 0x0000000019d90000,0x0000000019e90000] [id=14240]

VM state:not at safepoint (normal execution)

VM Mutex/Monitor currently owned by a thread: None

heap address: 0x0000000080000000, size: 2048 MB, Compressed Oops mode: 32-bit
Narrow klass base: 0x0000000000000000, Narrow klass shift: 3
Compressed class space size: 1073741824 Address: 0x0000000100000000

Heap:
 PSYoungGen      total 310272K, used 20798K [0x00000000d5580000, 0x00000000e9780000, 0x0000000100000000)
  eden space 291840K, 6% used [0x00000000d5580000,0x00000000d6950268,0x00000000e7280000)
  from space 18432K, 2% used [0x00000000e8580000,0x00000000e85ff780,0x00000000e9780000)
  to   space 18944K, 0% used [0x00000000e7280000,0x00000000e7280000,0x00000000e8500000)
 ParOldGen       total 71680K, used 71642K [0x0000000080000000, 0x0000000084600000, 0x00000000d5580000)
  object space 71680K, 99% used [0x0000000080000000,0x00000000845f69e8,0x0000000084600000)
 Metaspace       used 71718K, capacity 74704K, committed 75048K, reserved 1114112K
  class space    used 9330K, capacity 9932K, committed 10032K, reserved 1048576K

Card table byte_map: [0x00000000126c0000,0x0000000012ad0000] byte_map_base: 0x00000000122c0000

Marking Bits: (ParMarkBitMap*) 0x000000005b5cf030
 Begin Bits: [0x0000000013180000, 0x0000000015180000)
 End Bits:   [0x0000000015180000, 0x0000000017180000)

Polling page: 0x0000000001250000

CodeCache: size=245760Kb used=33906Kb max_used=33906Kb free=211853Kb
 bounds [0x0000000003300000, 0x0000000005440000, 0x0000000012300000]
 total_blobs=10798 nmethods=9885 adapters=825
 compilation: enabled

Compilation events (10 events):
Event: 118.150 Thread 0x0000000017f50800 11451       3       com.android.ide.common.resources.NodeUtils::getPrefixForNs (71 bytes)
Event: 118.151 Thread 0x0000000017f50800 nmethod 11451 0x0000000005437e50 code [0x0000000005438080, 0x00000000054390e8]
Event: 118.151 Thread 0x0000000017f50800 11450       3       com.android.ide.common.resources.NodeUtils::getDocumentNamespaceAttributes (38 bytes)
Event: 118.151 Thread 0x0000000017f50800 nmethod 11450 0x0000000005437810 code [0x00000000054379a0, 0x0000000005437d28]
Event: 118.157 Thread 0x0000000017f50800 11452       1       com.google.common.cache.LocalCache$1::get (2 bytes)
Event: 118.157 Thread 0x0000000017f50800 nmethod 11452 0x00000000053fab10 code [0x00000000053fac60, 0x00000000053fad70]
Event: 118.176 Thread 0x0000000017f50800 11453       3       java.util.ComparableTimSort::mergeLo (656 bytes)
Event: 118.183 Thread 0x0000000017f50800 nmethod 11453 0x0000000005439610 code [0x0000000005439960, 0x000000000543bdd8]
Event: 118.183 Thread 0x0000000017f50800 11454       3       com.sun.org.apache.xerces.internal.dom.ElementNSImpl::setPrefix (222 bytes)
Event: 118.185 Thread 0x0000000017f50800 nmethod 11454 0x000000000543cbd0 code [0x000000000543cf20, 0x000000000543e918]

GC Heap History (10 events):
Event: 23.275 GC heap before
{Heap before GC invocations=14 (full 2):
 PSYoungGen      total 209920K, used 109610K [0x00000000d5580000, 0x00000000e9800000, 0x0000000100000000)
  eden space 197120K, 49% used [0x00000000d5580000,0x00000000db40b718,0x00000000e1600000)
  from space 12800K, 99% used [0x00000000e1600000,0x00000000e227f350,0x00000000e2280000)
  to   space 18944K, 0% used [0x00000000e8580000,0x00000000e8580000,0x00000000e9800000)
 ParOldGen       total 40960K, used 26002K [0x0000000080000000, 0x0000000082800000, 0x00000000d5580000)
  object space 40960K, 63% used [0x0000000080000000,0x0000000081964b00,0x0000000082800000)
 Metaspace       used 56948K, capacity 59062K, committed 59160K, reserved 1099776K
  class space    used 7818K, capacity 8303K, committed 8368K, reserved 1048576K
Event: 23.381 GC heap after
Heap after GC invocations=14 (full 2):
 PSYoungGen      total 310272K, used 10543K [0x00000000d5580000, 0x00000000e9780000, 0x0000000100000000)
  eden space 291840K, 0% used [0x00000000d5580000,0x00000000d5580000,0x00000000e7280000)
  from space 18432K, 57% used [0x00000000e8580000,0x00000000e8fcbde8,0x00000000e9780000)
  to   space 18944K, 0% used [0x00000000e7280000,0x00000000e7280000,0x00000000e8500000)
 ParOldGen       total 40960K, used 38632K [0x0000000080000000, 0x0000000082800000, 0x00000000d5580000)
  object space 40960K, 94% used [0x0000000080000000,0x00000000825ba078,0x0000000082800000)
 Metaspace       used 56948K, capacity 59062K, committed 59160K, reserved 1099776K
  class space    used 7818K, capacity 8303K, committed 8368K, reserved 1048576K
}
Event: 23.381 GC heap before
{Heap before GC invocations=15 (full 3):
 PSYoungGen      total 310272K, used 10543K [0x00000000d5580000, 0x00000000e9780000, 0x0000000100000000)
  eden space 291840K, 0% used [0x00000000d5580000,0x00000000d5580000,0x00000000e7280000)
  from space 18432K, 57% used [0x00000000e8580000,0x00000000e8fcbde8,0x00000000e9780000)
  to   space 18944K, 0% used [0x00000000e7280000,0x00000000e7280000,0x00000000e8500000)
 ParOldGen       total 40960K, used 38632K [0x0000000080000000, 0x0000000082800000, 0x00000000d5580000)
  object space 40960K, 94% used [0x0000000080000000,0x00000000825ba078,0x0000000082800000)
 Metaspace       used 56948K, capacity 59062K, committed 59160K, reserved 1099776K
  class space    used 7818K, capacity 8303K, committed 8368K, reserved 1048576K
Event: 23.804 GC heap after
Heap after GC invocations=15 (full 3):
 PSYoungGen      total 310272K, used 0K [0x00000000d5580000, 0x00000000e9780000, 0x0000000100000000)
  eden space 291840K, 0% used [0x00000000d5580000,0x00000000d5580000,0x00000000e7280000)
  from space 18432K, 0% used [0x00000000e8580000,0x00000000e8580000,0x00000000e9780000)
  to   space 18944K, 0% used [0x00000000e7280000,0x00000000e7280000,0x00000000e8500000)
 ParOldGen       total 71680K, used 35491K [0x0000000080000000, 0x0000000084600000, 0x00000000d5580000)
  object space 71680K, 49% used [0x0000000080000000,0x00000000822a8c68,0x0000000084600000)
 Metaspace       used 56935K, capacity 59020K, committed 59160K, reserved 1099776K
  class space    used 7814K, capacity 8296K, committed 8368K, reserved 1048576K
}
Event: 97.347 GC heap before
{Heap before GC invocations=16 (full 3):
 PSYoungGen      total 310272K, used 291840K [0x00000000d5580000, 0x00000000e9780000, 0x0000000100000000)
  eden space 291840K, 100% used [0x00000000d5580000,0x00000000e7280000,0x00000000e7280000)
  from space 18432K, 0% used [0x00000000e8580000,0x00000000e8580000,0x00000000e9780000)
  to   space 18944K, 0% used [0x00000000e7280000,0x00000000e7280000,0x00000000e8500000)
 ParOldGen       total 71680K, used 35491K [0x0000000080000000, 0x0000000084600000, 0x00000000d5580000)
  object space 71680K, 49% used [0x0000000080000000,0x00000000822a8c68,0x0000000084600000)
 Metaspace       used 66664K, capacity 69530K, committed 69544K, reserved 1110016K
  class space    used 8815K, capacity 9381K, committed 9392K, reserved 1048576K
Event: 98.621 GC heap after
Heap after GC invocations=16 (full 3):
 PSYoungGen      total 310784K, used 18937K [0x00000000d5580000, 0x00000000e9780000, 0x0000000100000000)
  eden space 291840K, 0% used [0x00000000d5580000,0x00000000d5580000,0x00000000e7280000)
  from space 18944K, 99% used [0x00000000e7280000,0x00000000e84fe4e0,0x00000000e8500000)
  to   space 18432K, 0% used [0x00000000e8580000,0x00000000e8580000,0x00000000e9780000)
 ParOldGen       total 71680K, used 41092K [0x0000000080000000, 0x0000000084600000, 0x00000000d5580000)
  object space 71680K, 57% used [0x0000000080000000,0x00000000828213d0,0x0000000084600000)
 Metaspace       used 66664K, capacity 69530K, committed 69544K, reserved 1110016K
  class space    used 8815K, capacity 9381K, committed 9392K, reserved 1048576K
}
Event: 114.219 GC heap before
{Heap before GC invocations=17 (full 3):
 PSYoungGen      total 310784K, used 310777K [0x00000000d5580000, 0x00000000e9780000, 0x0000000100000000)
  eden space 291840K, 100% used [0x00000000d5580000,0x00000000e7280000,0x00000000e7280000)
  from space 18944K, 99% used [0x00000000e7280000,0x00000000e84fe4e0,0x00000000e8500000)
  to   space 18432K, 0% used [0x00000000e8580000,0x00000000e8580000,0x00000000e9780000)
 ParOldGen       total 71680K, used 41092K [0x0000000080000000, 0x0000000084600000, 0x00000000d5580000)
  object space 71680K, 57% used [0x0000000080000000,0x00000000828213d0,0x0000000084600000)
 Metaspace       used 71629K, capacity 74710K, committed 75048K, reserved 1114112K
  class space    used 9336K, capacity 9957K, committed 10032K, reserved 1048576K
Event: 114.796 GC heap after
Heap after GC invocations=17 (full 3):
 PSYoungGen      total 310272K, used 18430K [0x00000000d5580000, 0x00000000e9780000, 0x0000000100000000)
  eden space 291840K, 0% used [0x00000000d5580000,0x00000000d5580000,0x00000000e7280000)
  from space 18432K, 99% used [0x00000000e8580000,0x00000000e977fa08,0x00000000e9780000)
  to   space 18944K, 0% used [0x00000000e7280000,0x00000000e7280000,0x00000000e8500000)
 ParOldGen       total 71680K, used 71643K [0x0000000080000000, 0x0000000084600000, 0x00000000d5580000)
  object space 71680K, 99% used [0x0000000080000000,0x00000000845f6cc8,0x0000000084600000)
 Metaspace       used 71629K, capacity 74710K, committed 75048K, reserved 1114112K
  class space    used 9336K, capacity 9957K, committed 10032K, reserved 1048576K
}
Event: 114.797 GC heap before
{Heap before GC invocations=18 (full 4):
 PSYoungGen      total 310272K, used 18430K [0x00000000d5580000, 0x00000000e9780000, 0x0000000100000000)
  eden space 291840K, 0% used [0x00000000d5580000,0x00000000d5580000,0x00000000e7280000)
  from space 18432K, 99% used [0x00000000e8580000,0x00000000e977fa08,0x00000000e9780000)
  to   space 18944K, 0% used [0x00000000e7280000,0x00000000e7280000,0x00000000e8500000)
 ParOldGen       total 71680K, used 71643K [0x0000000080000000, 0x0000000084600000, 0x00000000d5580000)
  object space 71680K, 99% used [0x0000000080000000,0x00000000845f6cc8,0x0000000084600000)
 Metaspace       used 71629K, capacity 74710K, committed 75048K, reserved 1114112K
  class space    used 9336K, capacity 9957K, committed 10032K, reserved 1048576K
Event: 117.308 GC heap after
Heap after GC invocations=18 (full 4):
 PSYoungGen      total 310272K, used 509K [0x00000000d5580000, 0x00000000e9780000, 0x0000000100000000)
  eden space 291840K, 0% used [0x00000000d5580000,0x00000000d5580000,0x00000000e7280000)
  from space 18432K, 2% used [0x00000000e8580000,0x00000000e85ff780,0x00000000e9780000)
  to   space 18944K, 0% used [0x00000000e7280000,0x00000000e7280000,0x00000000e8500000)
 ParOldGen       total 71680K, used 71642K [0x0000000080000000, 0x0000000084600000, 0x00000000d5580000)
  object space 71680K, 99% used [0x0000000080000000,0x00000000845f69e8,0x0000000084600000)
 Metaspace       used 71581K, capacity 74570K, committed 75048K, reserved 1114112K
  class space    used 9322K, capacity 9931K, committed 10032K, reserved 1048576K
}

Deoptimization events (10 events):
Event: 117.537 Thread 0x000000001bdfa000 Uncommon trap: reason=bimorphic action=maybe_recompile pc=0x00000000053502d8 method=com.sun.org.apache.xerces.internal.dom.NodeImpl.ownerDocument()Lcom/sun/org/apache/xerces/internal/dom/CoreDocumentImpl; @ 11
Event: 117.562 Thread 0x000000001bdfa000 Uncommon trap: reason=unstable_if action=reinterpret pc=0x00000000050fa7e8 method=com.sun.org.apache.xerces.internal.dom.ParentNode.nodeListItem(I)Lorg/w3c/dom/Node; @ 76
Event: 117.562 Thread 0x000000001bdfa000 Uncommon trap: reason=unstable_if action=reinterpret pc=0x00000000050fa24c method=com.sun.org.apache.xerces.internal.dom.ParentNode.nodeListItem(I)Lorg/w3c/dom/Node; @ 139
Event: 117.564 Thread 0x000000001bdfa000 Uncommon trap: reason=null_check action=make_not_entrant pc=0x00000000047d2944 method=com.android.ide.common.resources.NodeUtils.processSingleNodeNamespace(Lorg/w3c/dom/Node;Lorg/w3c/dom/Document;)Z @ 8
Event: 117.568 Thread 0x000000001bdfa000 Uncommon trap: reason=unstable_if action=reinterpret pc=0x0000000004e8f16c method=java.io.File.equals(Ljava/lang/Object;)Z @ 1
Event: 117.642 Thread 0x000000001bdfa000 Uncommon trap: reason=class_check action=maybe_recompile pc=0x0000000004191940 method=com.sun.org.apache.xerces.internal.dom.NamedNodeMapImpl.item(I)Lorg/w3c/dom/Node; @ 33
Event: 117.642 Thread 0x000000001bdfa000 Uncommon trap: reason=class_check action=maybe_recompile pc=0x0000000004191940 method=com.sun.org.apache.xerces.internal.dom.NamedNodeMapImpl.item(I)Lorg/w3c/dom/Node; @ 33
Event: 117.643 Thread 0x000000001bdfa000 Uncommon trap: reason=class_check action=maybe_recompile pc=0x0000000004191940 method=com.sun.org.apache.xerces.internal.dom.NamedNodeMapImpl.item(I)Lorg/w3c/dom/Node; @ 33
Event: 117.643 Thread 0x000000001bdfa000 Uncommon trap: reason=class_check action=maybe_recompile pc=0x0000000004191940 method=com.sun.org.apache.xerces.internal.dom.NamedNodeMapImpl.item(I)Lorg/w3c/dom/Node; @ 33
Event: 117.688 Thread 0x000000001bdfa000 Uncommon trap: reason=class_check action=maybe_recompile pc=0x0000000005421408 method=com.sun.org.apache.xerces.internal.dom.NamedNodeMapImpl.item(I)Lorg/w3c/dom/Node; @ 33

Classes redefined (0 events):
No events

Internal exceptions (10 events):
Event: 112.704 Thread 0x000000001bdfa000 Exception <a 'java/lang/NoSuchMethodError': <clinit>> (0x00000000e62aeba8) thrown at [C:\src\AOSP-openjdk-git\hotspot\src\share\vm\prims\jni.cpp, line 1615]
Event: 112.705 Thread 0x000000001bdfa000 Exception <a 'java/lang/NoSuchMethodError': <clinit>> (0x00000000e62b2228) thrown at [C:\src\AOSP-openjdk-git\hotspot\src\share\vm\prims\jni.cpp, line 1615]
Event: 112.707 Thread 0x000000001bdfa000 Exception <a 'java/lang/NoSuchMethodError': <clinit>> (0x00000000e62c98f8) thrown at [C:\src\AOSP-openjdk-git\hotspot\src\share\vm\prims\jni.cpp, line 1615]
Event: 112.710 Thread 0x000000001bdfa000 Exception <a 'java/lang/NoSuchMethodError': <clinit>> (0x00000000e62df4f8) thrown at [C:\src\AOSP-openjdk-git\hotspot\src\share\vm\prims\jni.cpp, line 1615]
Event: 112.715 Thread 0x000000001bdfa000 Exception <a 'java/lang/NoSuchMethodError': <clinit>> (0x00000000e62fefd8) thrown at [C:\src\AOSP-openjdk-git\hotspot\src\share\vm\prims\jni.cpp, line 1615]
Event: 112.718 Thread 0x000000001bdfa000 Exception <a 'java/lang/NoSuchMethodError': <clinit>> (0x00000000e63148c0) thrown at [C:\src\AOSP-openjdk-git\hotspot\src\share\vm\prims\jni.cpp, line 1615]
Event: 113.150 Thread 0x0000000020f46000 Exception <a 'java/io/FileNotFoundException'> (0x00000000e6a0a2f8) thrown at [C:\src\AOSP-openjdk-git\hotspot\src\share\vm\prims\jni.cpp, line 710]
Event: 113.328 Thread 0x0000000020f46000 Exception <a 'java/io/FileNotFoundException'> (0x00000000e6a24740) thrown at [C:\src\AOSP-openjdk-git\hotspot\src\share\vm\prims\jni.cpp, line 710]
Event: 117.564 Thread 0x000000001bdfa000 Implicit null exception at 0x00000000047d25d7 to 0x00000000047d2935
Event: 117.568 Thread 0x000000001bdfa000 Implicit null exception at 0x0000000004e8e972 to 0x0000000004e8f159

Events (10 events):
Event: 117.667 loading class com/android/builder/internal/aapt/v2/Aapt2RenamingConventions done
Event: 117.669 loading class com/android/ide/common/blame/MergingLogPersistUtil
Event: 117.669 loading class com/android/ide/common/blame/MergingLogPersistUtil done
Event: 117.672 loading class com/android/ide/common/blame/MergingLogPersistUtil$SourcePositionsSerializer$JsonTypeAdapter
Event: 117.672 loading class com/android/ide/common/blame/MergingLogPersistUtil$SourcePositionsSerializer$JsonTypeAdapter done
Event: 117.688 Thread 0x000000001bdfa000 Uncommon trap: trap_request=0xffffffde fr.pc=0x0000000005421408
Event: 117.688 Thread 0x000000001bdfa000 DEOPT PACKING pc=0x0000000005421408 sp=0x0000000025b1aa30
Event: 117.688 Thread 0x000000001bdfa000 DEOPT UNPACKING pc=0x000000000334557b sp=0x0000000025b1a9c0 mode 2
Event: 117.689 Thread 0x000000001bdfa000 DEOPT PACKING pc=0x0000000004e13a0f sp=0x0000000025b1a4f0
Event: 117.689 Thread 0x000000001bdfa000 DEOPT UNPACKING pc=0x00000000033475d0 sp=0x0000000025b1a2e0 mode 0


Dynamic libraries:
0x00007ff6f1f70000 - 0x00007ff6f1fa1000 	C:\Program Files\Android\Android Studio\jre\bin\java.exe
0x00007ffc86980000 - 0x00007ffc86b70000 	C:\WINDOWS\SYSTEM32\ntdll.dll
0x00007ffc85860000 - 0x00007ffc85912000 	C:\WINDOWS\System32\KERNEL32.DLL
0x00007ffc84670000 - 0x00007ffc84914000 	C:\WINDOWS\System32\KERNELBASE.dll
0x00007ffc859d0000 - 0x00007ffc85a73000 	C:\WINDOWS\System32\ADVAPI32.dll
0x00007ffc86830000 - 0x00007ffc868ce000 	C:\WINDOWS\System32\msvcrt.dll
0x00007ffc857c0000 - 0x00007ffc85857000 	C:\WINDOWS\System32\sechost.dll
0x00007ffc84b30000 - 0x00007ffc84c50000 	C:\WINDOWS\System32\RPCRT4.dll
0x00007ffc84c80000 - 0x00007ffc84e14000 	C:\WINDOWS\System32\USER32.dll
0x00007ffc84920000 - 0x00007ffc84941000 	C:\WINDOWS\System32\win32u.dll
0x00007ffc85af0000 - 0x00007ffc85b16000 	C:\WINDOWS\System32\GDI32.dll
0x00007ffc844d0000 - 0x00007ffc84665000 	C:\WINDOWS\System32\gdi32full.dll
0x00007ffc84400000 - 0x00007ffc8449e000 	C:\WINDOWS\System32\msvcp_win.dll
0x00007ffc84090000 - 0x00007ffc8418a000 	C:\WINDOWS\System32\ucrtbase.dll
0x00007ffc779a0000 - 0x00007ffc77c24000 	C:\WINDOWS\WinSxS\amd64_microsoft.windows.common-controls_6595b64144ccf1df_6.0.18362.900_none_e6beb9d913147d17\COMCTL32.dll
0x00007ffc85b30000 - 0x00007ffc85e65000 	C:\WINDOWS\System32\combase.dll
0x00007ffc84950000 - 0x00007ffc849d0000 	C:\WINDOWS\System32\bcryptPrimitives.dll
0x00007ffc84c50000 - 0x00007ffc84c7e000 	C:\WINDOWS\System32\IMM32.DLL
0x000000005b7c0000 - 0x000000005b892000 	C:\Program Files\Android\Android Studio\jre\jre\bin\msvcr100.dll
0x000000005ae00000 - 0x000000005b64b000 	C:\Program Files\Android\Android Studio\jre\jre\bin\server\jvm.dll
0x00007ffc84aa0000 - 0x00007ffc84aa8000 	C:\WINDOWS\System32\PSAPI.DLL
0x00007ffc632e0000 - 0x00007ffc632e9000 	C:\WINDOWS\SYSTEM32\WSOCK32.dll
0x00007ffc85a80000 - 0x00007ffc85aef000 	C:\WINDOWS\System32\WS2_32.dll
0x00007ffc7af60000 - 0x00007ffc7af84000 	C:\WINDOWS\SYSTEM32\WINMM.dll
0x00007ffc7ada0000 - 0x00007ffc7adaa000 	C:\WINDOWS\SYSTEM32\VERSION.dll
0x00007ffc7aeb0000 - 0x00007ffc7aedd000 	C:\WINDOWS\SYSTEM32\WINMMBASE.dll
0x00007ffc842e0000 - 0x00007ffc8432a000 	C:\WINDOWS\System32\cfgmgr32.dll
0x00007ffc7faa0000 - 0x00007ffc7faaf000 	C:\Program Files\Android\Android Studio\jre\jre\bin\verify.dll
0x00007ffc72650000 - 0x00007ffc72679000 	C:\Program Files\Android\Android Studio\jre\jre\bin\java.dll
0x00007ffc72b90000 - 0x00007ffc72ba6000 	C:\Program Files\Android\Android Studio\jre\jre\bin\zip.dll
0x00007ffc85e70000 - 0x00007ffc86556000 	C:\WINDOWS\System32\SHELL32.dll
0x00007ffc865c0000 - 0x00007ffc86669000 	C:\WINDOWS\System32\shcore.dll
0x00007ffc83910000 - 0x00007ffc84090000 	C:\WINDOWS\System32\windows.storage.dll
0x00007ffc838c0000 - 0x00007ffc838e3000 	C:\WINDOWS\System32\profapi.dll
0x00007ffc83850000 - 0x00007ffc8389a000 	C:\WINDOWS\System32\powrprof.dll
0x00007ffc83840000 - 0x00007ffc83850000 	C:\WINDOWS\System32\UMPDC.dll
0x00007ffc86560000 - 0x00007ffc865b2000 	C:\WINDOWS\System32\shlwapi.dll
0x00007ffc838a0000 - 0x00007ffc838b1000 	C:\WINDOWS\System32\kernel.appcore.dll
0x00007ffc843e0000 - 0x00007ffc843f7000 	C:\WINDOWS\System32\cryptsp.dll
0x00007ffc72850000 - 0x00007ffc7286a000 	C:\Program Files\Android\Android Studio\jre\jre\bin\net.dll
0x00007ffc83050000 - 0x00007ffc830b7000 	C:\WINDOWS\system32\mswsock.dll
0x00007ffc71c30000 - 0x00007ffc71c43000 	C:\Program Files\Android\Android Studio\jre\jre\bin\nio.dll
0x00007ffc6e100000 - 0x00007ffc6e126000 	C:\Users\Jhonson\.gradle\native\31\windows-amd64\native-platform.dll
0x00007ffc7f8e0000 - 0x00007ffc7f8ed000 	C:\Program Files\Android\Android Studio\jre\jre\bin\management.dll
0x00007ffc82bc0000 - 0x00007ffc82bf3000 	C:\WINDOWS\system32\rsaenh.dll
0x00007ffc844a0000 - 0x00007ffc844c6000 	C:\WINDOWS\System32\bcrypt.dll
0x00007ffc83760000 - 0x00007ffc83785000 	C:\WINDOWS\SYSTEM32\USERENV.dll
0x00007ffc83220000 - 0x00007ffc8322c000 	C:\WINDOWS\SYSTEM32\CRYPTBASE.dll
0x00007ffc82d60000 - 0x00007ffc82d9a000 	C:\WINDOWS\SYSTEM32\IPHLPAPI.DLL
0x00007ffc86930000 - 0x00007ffc86938000 	C:\WINDOWS\System32\NSI.dll
0x00007ffc79090000 - 0x00007ffc790a6000 	C:\WINDOWS\SYSTEM32\dhcpcsvc6.DLL
0x00007ffc79070000 - 0x00007ffc7908c000 	C:\WINDOWS\SYSTEM32\dhcpcsvc.DLL
0x00007ffc82da0000 - 0x00007ffc82e6b000 	C:\WINDOWS\SYSTEM32\DNSAPI.dll
0x00007ffc3dc00000 - 0x00007ffc3dd9c000 	C:\Program Files\Android\Android Studio\jre\jre\bin\awt.dll
0x00007ffc84ea0000 - 0x00007ffc84f65000 	C:\WINDOWS\System32\OLEAUT32.dll
0x00007ffc81a80000 - 0x00007ffc81aad000 	C:\WINDOWS\SYSTEM32\dwmapi.dll
0x00007ffc7fe40000 - 0x00007ffc80400000 	C:\WINDOWS\SYSTEM32\d2d1.dll
0x00007ffc813c0000 - 0x00007ffc8144f000 	C:\WINDOWS\SYSTEM32\apphelp.dll
0x00007ffc81650000 - 0x00007ffc816e9000 	C:\WINDOWS\system32\uxtheme.dll

VM Arguments:
jvm_args: -Xmx2048m -Dfile.encoding=windows-1252 -Duser.country=PE -Duser.language=es -Duser.variant 
java_command: org.gradle.launcher.daemon.bootstrap.GradleDaemon 6.1.1
java_class_path (initial): C:\Users\Jhonson\.gradle\wrapper\dists\gradle-6.1.1-all\cfmwm155h49vnt3hynmlrsdst\gradle-6.1.1\lib\gradle-launcher-6.1.1.jar
Launcher Type: SUN_STANDARD

Environment Variables:
PATH=C:\app\Jhonson\product\11.2.0\dbhome_1\bin;C:\Program Files (x86)\Common Files\Intel\Shared Files\cpp\bin\Intel64;C:\Program Files (x86)\Common Files\Oracle\Java\javapath;C:\WINDOWS\system32;C:\WINDOWS;C:\WINDOWS\System32\Wbem;C:\WINDOWS\System32\WindowsPowerShell\v1.0\;C:\WINDOWS\System32\OpenSSH\;C:\Program Files\Microsoft SQL Server\Client SDK\ODBC\130\Tools\Binn\;C:\Program Files (x86)\Microsoft SQL Server\140\Tools\Binn\;C:\Program Files\Microsoft SQL Server\140\Tools\Binn\;C:\Program Files\Microsoft SQL Server\140\DTS\Binn\;C:\Program Files (x86)\Microsoft SQL Server\Client SDK\ODBC\130\Tools\Binn\;C:\Program Files (x86)\Microsoft SQL Server\140\DTS\Binn\;C:\Program Files (x86)\Microsoft SQL Server\140\Tools\Binn\ManagementStudio\;C:\Program Files\dotnet\;C:\Program Files\Microsoft SQL Server\130\Tools\Binn\;C:\Program Files\Microsoft SQL Server\Client SDK\ODBC\170\Tools\Binn\;C:\Program Files (x86)\Rational\common;C:\Program Files (x86)\Brackets\command;C:\WINDOWS\system32\config\systemprofile\.dnx\bin;C:\Program Files\Microsoft DNX\Dnvm\;C:\Program Files\Microsoft SQL Server\120\Tools\Binn\;C:\Program Files\nodejs\;C:\Program Files (x86)\dotnet\;C:\Program Files\MySQL\MySQL Shell 8.0\bin\;C:\Users\Jhonson\AppData\Local\GitHubDesktop\bin;C:\Users\Jhonson\AppData\Local\Microsoft\WindowsApps;C:\Users\Jhonson\AppData\Roaming\npm;C:\Users\Jhonson\AppData\Local\Programs\Microsoft VS Code\bin
USERNAME=Jhonson
OS=Windows_NT
PROCESSOR_IDENTIFIER=Intel64 Family 6 Model 142 Stepping 9, GenuineIntel



---------------  S Y S T E M  ---------------

OS: Windows 10.0 , 64 bit Build 18362 (10.0.18362.900)

CPU:total 4 (initial active 4) (2 cores per cpu, 2 threads per core) family 6 model 142 stepping 9, cmov, cx8, fxsr, mmx, sse, sse2, sse3, ssse3, sse4.1, sse4.2, popcnt, avx, avx2, aes, clmul, erms, 3dnowpref, lzcnt, ht, tsc, tscinvbit, bmi1, bmi2, adx

Memory: 4k page, physical 4063908k(166212k free), swap 12452516k(5520k free)

vm_info: OpenJDK 64-Bit Server VM (25.242-b01) for windows-amd64 JRE (1.8.0_242-release-1644-b01), built by "builder" with MS VC++ 10.0 (VS2010)

time: Wed Jun 24 12:41:23 2020
timezone: Hora est. Pacífico, Sudamérica
elapsed time: 118 seconds (0d 0h 1m 58s)

